<?xml version="1.0" encoding="UTF-8"?>
<!-- Generated by org.testng.reporters.JUnitXMLReporter -->
<testsuite ignored="0" hostname="DESKTOP-OQJ51AE" failures="0" tests="3" name="ParallelTestExecution" time="40.668" errors="0" timestamp="2025-08-19T23:26:18 IST">
  <testcase classname="Testng_package.pt" name="search" time="27.357"/>
  <testcase classname="Testng_package.ebay_fox" name="search" time="15.619"/>
  <testcase classname="Testng_package.ebay_ed" name="search" time="34.699"/>
</testsuite> <!-- ParallelTestExecution -->
