<?xml version="1.0" encoding="UTF-8"?>
<testng-results ignored="0" total="2" passed="2" failed="0" skipped="0">
  <reporter-output>
  </reporter-output>
  <suite started-at="2025-08-23T15:29:18 IST" name="Default suite" finished-at="2025-08-23T15:29:20 IST" duration-ms="1329">
    <groups>
    </groups>
    <test started-at="2025-08-23T15:29:18 IST" name="Default test" finished-at="2025-08-23T15:29:20 IST" duration-ms="1329">
      <class name="hospital.HospitalManagementTest">
        <test-method signature="testInvalidLoginWithMockDB()[pri:0, instance:hospital.HospitalManagementTest@158da8e]" started-at="2025-08-23T15:29:18 IST" name="testInvalidLoginWithMockDB" finished-at="2025-08-23T15:29:20 IST" duration-ms="1273" status="PASS">
          <reporter-output>
          </reporter-output>
        </test-method> <!-- testInvalidLoginWithMockDB -->
        <test-method signature="testValidLoginWithMockDB()[pri:0, instance:hospital.HospitalManagementTest@158da8e]" started-at="2025-08-23T15:29:20 IST" name="testValidLoginWithMockDB" finished-at="2025-08-23T15:29:20 IST" duration-ms="11" status="PASS">
          <reporter-output>
          </reporter-output>
        </test-method> <!-- testValidLoginWithMockDB -->
      </class> <!-- hospital.HospitalManagementTest -->
    </test> <!-- Default test -->
  </suite> <!-- Default suite -->
</testng-results>
