<?xml version="1.0" encoding="UTF-8"?>
<testng-results ignored="0" total="7" passed="6" failed="1" skipped="0">
  <reporter-output>
  </reporter-output>
  <suite started-at="2025-08-22T20:55:54 IST" name="Default suite" finished-at="2025-08-22T20:57:44 IST" duration-ms="109628">
    <groups>
    </groups>
    <test started-at="2025-08-22T20:55:54 IST" name="Default test" finished-at="2025-08-22T20:57:44 IST" duration-ms="109628">
      <class name="Testng_package.Amazon">
        <test-method is-config="true" signature="t()[pri:0, instance:Testng_package.Amazon@49ec71f8]" started-at="2025-08-22T20:55:54 IST" name="t" finished-at="2025-08-22T20:56:05 IST" duration-ms="10382" status="PASS">
          <reporter-output>
          </reporter-output>
        </test-method> <!-- t -->
        <test-method signature="login()[pri:1, instance:Testng_package.Amazon@49ec71f8]" started-at="2025-08-22T20:56:05 IST" name="login" finished-at="2025-08-22T20:56:14 IST" duration-ms="9401" status="PASS">
          <reporter-output>
          </reporter-output>
        </test-method> <!-- login -->
        <test-method signature="multiplesearch()[pri:2, instance:Testng_package.Amazon@49ec71f8]" started-at="2025-08-22T20:56:14 IST" name="multiplesearch" finished-at="2025-08-22T20:56:52 IST" duration-ms="37410" status="PASS">
          <reporter-output>
          </reporter-output>
        </test-method> <!-- multiplesearch -->
        <test-method signature="addtocartdelete()[pri:3, instance:Testng_package.Amazon@49ec71f8]" started-at="2025-08-22T20:56:52 IST" name="addtocartdelete" finished-at="2025-08-22T20:57:06 IST" duration-ms="14751" status="FAIL">
          <exception class="org.openqa.selenium.ElementNotInteractableException">
            <message>
              <![CDATA[element not interactable
  (Session info: chrome=139.0.7258.128)
Build info: version: '4.34.0', revision: '2a4c61c498'
System info: os.name: 'Windows 10', os.arch: 'amd64', os.version: '10.0', java.version: '24.0.2'
Driver info: org.openqa.selenium.chrome.ChromeDriver
Command: [2ce780f923c474529167db3e447ed051, clickElement {id=f.72E574EB2550D8C1DA7B1CDC5828AA6C.d.080E8B8B5E9CDDAC22540B49600E4D38.e.1446}]
Capabilities {acceptInsecureCerts: false, browserName: chrome, browserVersion: 139.0.7258.128, chrome: {chromedriverVersion: 139.0.7258.138 (884e54ea8d4..., userDataDir: C:\Users\user\AppData\Local...}, fedcm:accounts: true, goog:chromeOptions: {debuggerAddress: localhost:52178}, networkConnectionEnabled: false, pageLoadStrategy: normal, platformName: windows, proxy: Proxy(), se:cdp: ws://localhost:52178/devtoo..., se:cdpVersion: 139.0.7258.128, setWindowRect: true, strictFileInteractability: false, timeouts: {implicit: 0, pageLoad: 300000, script: 30000}, unhandledPromptBehavior: dismiss and notify, webauthn:extension:credBlob: true, webauthn:extension:largeBlob: true, webauthn:extension:minPinLength: true, webauthn:extension:prf: true, webauthn:virtualAuthenticators: true}
Element: [[ChromeDriver: chrome on windows (2ce780f923c474529167db3e447ed051)] -> css selector: button[id="a-autoid-1-announce"]]
Session ID: 2ce780f923c474529167db3e447ed051]]>
            </message>
            <full-stacktrace>
              <![CDATA[org.openqa.selenium.ElementNotInteractableException: element not interactable
  (Session info: chrome=139.0.7258.128)
Build info: version: '4.34.0', revision: '2a4c61c498'
System info: os.name: 'Windows 10', os.arch: 'amd64', os.version: '10.0', java.version: '24.0.2'
Driver info: org.openqa.selenium.chrome.ChromeDriver
Command: [2ce780f923c474529167db3e447ed051, clickElement {id=f.72E574EB2550D8C1DA7B1CDC5828AA6C.d.080E8B8B5E9CDDAC22540B49600E4D38.e.1446}]
Capabilities {acceptInsecureCerts: false, browserName: chrome, browserVersion: 139.0.7258.128, chrome: {chromedriverVersion: 139.0.7258.138 (884e54ea8d4..., userDataDir: C:\Users\user\AppData\Local...}, fedcm:accounts: true, goog:chromeOptions: {debuggerAddress: localhost:52178}, networkConnectionEnabled: false, pageLoadStrategy: normal, platformName: windows, proxy: Proxy(), se:cdp: ws://localhost:52178/devtoo..., se:cdpVersion: 139.0.7258.128, setWindowRect: true, strictFileInteractability: false, timeouts: {implicit: 0, pageLoad: 300000, script: 30000}, unhandledPromptBehavior: dismiss and notify, webauthn:extension:credBlob: true, webauthn:extension:largeBlob: true, webauthn:extension:minPinLength: true, webauthn:extension:prf: true, webauthn:virtualAuthenticators: true}
Element: [[ChromeDriver: chrome on windows (2ce780f923c474529167db3e447ed051)] -> css selector: button[id="a-autoid-1-announce"]]
Session ID: 2ce780f923c474529167db3e447ed051
at java.base/jdk.internal.reflect.DirectConstructorHandleAccessor.newInstance(DirectConstructorHandleAccessor.java:62)
at java.base/java.lang.reflect.Constructor.newInstanceWithCaller(Constructor.java:499)
at java.base/java.lang.reflect.Constructor.newInstance(Constructor.java:483)
at org.openqa.selenium.remote.ErrorCodec.decode(ErrorCodec.java:167)
at org.openqa.selenium.remote.codec.w3c.W3CHttpResponseCodec.decode(W3CHttpResponseCodec.java:138)
at org.openqa.selenium.remote.codec.w3c.W3CHttpResponseCodec.decode(W3CHttpResponseCodec.java:50)
at org.openqa.selenium.remote.HttpCommandExecutor.execute(HttpCommandExecutor.java:215)
at org.openqa.selenium.remote.service.DriverCommandExecutor.invokeExecute(DriverCommandExecutor.java:216)
at org.openqa.selenium.remote.service.DriverCommandExecutor.execute(DriverCommandExecutor.java:174)
at org.openqa.selenium.remote.RemoteWebDriver.execute(RemoteWebDriver.java:544)
at org.openqa.selenium.remote.RemoteWebElement.execute(RemoteWebElement.java:223)
at org.openqa.selenium.remote.RemoteWebElement.click(RemoteWebElement.java:76)
at Testng_package.Amazon.addtocartdelete(Amazon.java:58)
at java.base/jdk.internal.reflect.DirectMethodHandleAccessor.invoke(DirectMethodHandleAccessor.java:104)
at java.base/java.lang.reflect.Method.invoke(Method.java:565)
at org.testng.internal.invokers.MethodInvocationHelper.invokeMethod(MethodInvocationHelper.java:141)
at org.testng.internal.invokers.TestInvoker.invokeMethod(TestInvoker.java:687)
at org.testng.internal.invokers.TestInvoker.invokeTestMethod(TestInvoker.java:230)
at org.testng.internal.invokers.MethodRunner.runInSequence(MethodRunner.java:63)
at org.testng.internal.invokers.TestInvoker$MethodInvocationAgent.invoke(TestInvoker.java:995)
at org.testng.internal.invokers.TestInvoker.invokeTestMethods(TestInvoker.java:203)
at org.testng.internal.invokers.TestMethodWorker.invokeTestMethods(TestMethodWorker.java:154)
at org.testng.internal.invokers.TestMethodWorker.run(TestMethodWorker.java:134)
at java.base/java.util.ArrayList.forEach(ArrayList.java:1604)
at org.testng.TestRunner.privateRun(TestRunner.java:741)
at org.testng.TestRunner.run(TestRunner.java:616)
at org.testng.SuiteRunner.runTest(SuiteRunner.java:421)
at org.testng.SuiteRunner.runSequentially(SuiteRunner.java:413)
at org.testng.SuiteRunner.privateRun(SuiteRunner.java:373)
at org.testng.SuiteRunner.run(SuiteRunner.java:312)
at org.testng.SuiteRunnerWorker.runSuite(SuiteRunnerWorker.java:52)
at org.testng.SuiteRunnerWorker.run(SuiteRunnerWorker.java:95)
at org.testng.TestNG.runSuitesSequentially(TestNG.java:1274)
at org.testng.TestNG.runSuitesLocally(TestNG.java:1208)
at org.testng.TestNG.runSuites(TestNG.java:1112)
at org.testng.TestNG.run(TestNG.java:1079)
at org.testng.remote.AbstractRemoteTestNG.run(AbstractRemoteTestNG.java:115)
at org.testng.remote.RemoteTestNG.initAndRun(RemoteTestNG.java:293)
at org.testng.remote.RemoteTestNG.main(RemoteTestNG.java:91)
]]>
            </full-stacktrace>
          </exception> <!-- org.openqa.selenium.ElementNotInteractableException -->
          <reporter-output>
          </reporter-output>
        </test-method> <!-- addtocartdelete -->
        <test-method signature="searchByCat()[pri:4, instance:Testng_package.Amazon@49ec71f8]" started-at="2025-08-22T20:57:06 IST" name="searchByCat" finished-at="2025-08-22T20:57:14 IST" duration-ms="7633" status="PASS">
          <reporter-output>
          </reporter-output>
        </test-method> <!-- searchByCat -->
        <test-method signature="ChangeLanguage()[pri:5, instance:Testng_package.Amazon@49ec71f8]" started-at="2025-08-22T20:57:14 IST" name="ChangeLanguage" finished-at="2025-08-22T20:57:16 IST" duration-ms="1453" status="PASS">
          <reporter-output>
          </reporter-output>
        </test-method> <!-- ChangeLanguage -->
        <test-method signature="ChangeCountry()[pri:6, instance:Testng_package.Amazon@49ec71f8]" started-at="2025-08-22T20:57:16 IST" name="ChangeCountry" finished-at="2025-08-22T20:57:25 IST" duration-ms="9675" status="PASS">
          <reporter-output>
          </reporter-output>
        </test-method> <!-- ChangeCountry -->
        <test-method signature="TodayDeals()[pri:7, instance:Testng_package.Amazon@49ec71f8]" started-at="2025-08-22T20:57:25 IST" name="TodayDeals" finished-at="2025-08-22T20:57:44 IST" duration-ms="18572" status="PASS">
          <reporter-output>
          </reporter-output>
        </test-method> <!-- TodayDeals -->
        <test-method is-config="true" signature="afterTest()[pri:0, instance:Testng_package.Amazon@49ec71f8]" started-at="2025-08-22T20:57:44 IST" name="afterTest" finished-at="2025-08-22T20:57:44 IST" duration-ms="235" status="PASS">
          <reporter-output>
          </reporter-output>
        </test-method> <!-- afterTest -->
      </class> <!-- Testng_package.Amazon -->
    </test> <!-- Default test -->
  </suite> <!-- Default suite -->
</testng-results>
